{"/media/deraw/Data/development/customers/CNAMTS/lab/vue-dash/vue-template/src/i18n.ts": {"path":"/media/deraw/Data/development/customers/CNAMTS/lab/vue-dash/vue-template/src/i18n.ts","statementMap":{"0":{"start":{"line":1,"column":0},"end":{"line":1,"column":21}},"1":{"start":{"line":2,"column":0},"end":{"line":2,"column":30}},"2":{"start":{"line":3,"column":0},"end":{"line":3,"column":35}},"3":{"start":{"line":5,"column":0},"end":{"line":5,"column":17}},"4":{"start":{"line":8,"column":20},"end":{"line":8,"column":98}},"5":{"start":{"line":10,"column":13},"end":{"line":14,"column":2}},"6":{"start":{"line":16,"column":34},"end":{"line":16,"column":36}},"7":{"start":{"line":21,"column":1},"end":{"line":21,"column":20}},"8":{"start":{"line":22,"column":1},"end":{"line":22,"column":57}},"9":{"start":{"line":23,"column":1},"end":{"line":23,"column":43}},"10":{"start":{"line":25,"column":19},"end":{"line":25,"column":49}},"11":{"start":{"line":26,"column":1},"end":{"line":26,"column":33}},"12":{"start":{"line":27,"column":1},"end":{"line":27,"column":13}},"13":{"start":{"line":32,"column":1},"end":{"line":38,"column":2}},"14":{"start":{"line":33,"column":2},"end":{"line":37,"column":5}},"15":{"start":{"line":33,"column":9},"end":{"line":33,"column":89}},"16":{"start":{"line":34,"column":3},"end":{"line":34,"column":49}},"17":{"start":{"line":35,"column":3},"end":{"line":35,"column":30}},"18":{"start":{"line":36,"column":3},"end":{"line":36,"column":32}},"19":{"start":{"line":40,"column":1},"end":{"line":40,"column":47}},"20":{"start":{"line":31,"column":0},"end":{"line":41,"column":1}},"21":{"start":{"line":44,"column":0},"end":{"line":44,"column":31}},"22":{"start":{"line":46,"column":0},"end":{"line":46,"column":20}}},"fnMap":{"0":{"name":"setI18nLanguage","decl":{"start":{"line":20,"column":9},"end":{"line":20,"column":24}},"loc":{"start":{"line":20,"column":37},"end":{"line":28,"column":1}}},"1":{"name":"loadLanguageAsync","decl":{"start":{"line":31,"column":16},"end":{"line":31,"column":33}},"loc":{"start":{"line":31,"column":46},"end":{"line":41,"column":1}}},"2":{"name":"(anonymous_2)","decl":{"start":{"line":33,"column":9},"end":{"line":33,"column":15}},"loc":{"start":{"line":33,"column":9},"end":{"line":33,"column":89}}},"3":{"name":"(anonymous_3)","decl":{"start":{"line":33,"column":96},"end":{"line":33,"column":97}},"loc":{"start":{"line":33,"column":109},"end":{"line":37,"column":3}}}},"branchMap":{"0":{"loc":{"start":{"line":8,"column":20},"end":{"line":8,"column":55}},"type":"binary-expr","locations":[{"start":{"line":8,"column":20},"end":{"line":8,"column":55}},{"start":{"line":8,"column":59},"end":{"line":8,"column":90}},{"start":{"line":8,"column":94},"end":{"line":8,"column":98}}]},"1":{"loc":{"start":{"line":32,"column":1},"end":{"line":38,"column":2}},"type":"if","locations":[{"start":{"line":32,"column":1},"end":{"line":38,"column":2}},{"start":{"line":32,"column":1},"end":{"line":38,"column":2}}]}},"s":{"0":0,"1":0,"2":0,"3":0,"4":0,"5":0,"6":0,"7":0,"8":0,"9":0,"10":0,"11":0,"12":0,"13":0,"14":0,"15":0,"16":0,"17":0,"18":0,"19":0,"20":0,"21":0,"22":0},"f":{"0":0,"1":0,"2":0,"3":0},"b":{"0":[0,0,0],"1":[0,0]}}
,"/media/deraw/Data/development/customers/CNAMTS/lab/vue-dash/vue-template/src/main.ts": {"path":"/media/deraw/Data/development/customers/CNAMTS/lab/vue-dash/vue-template/src/main.ts","statementMap":{"0":{"start":{"line":1,"column":0},"end":{"line":1,"column":25}},"1":{"start":{"line":2,"column":0},"end":{"line":2,"column":21}},"2":{"start":{"line":3,"column":0},"end":{"line":3,"column":27}},"3":{"start":{"line":4,"column":0},"end":{"line":4,"column":26}},"4":{"start":{"line":5,"column":0},"end":{"line":5,"column":20}},"5":{"start":{"line":6,"column":0},"end":{"line":6,"column":36}},"6":{"start":{"line":7,"column":0},"end":{"line":7,"column":27}},"7":{"start":{"line":8,"column":0},"end":{"line":8,"column":29}},"8":{"start":{"line":9,"column":0},"end":{"line":9,"column":28}},"9":{"start":{"line":10,"column":0},"end":{"line":10,"column":34}},"10":{"start":{"line":11,"column":0},"end":{"line":11,"column":33}},"11":{"start":{"line":12,"column":0},"end":{"line":12,"column":25}},"12":{"start":{"line":14,"column":0},"end":{"line":14,"column":30}},"13":{"start":{"line":16,"column":0},"end":{"line":16,"column":27}},"14":{"start":{"line":17,"column":0},"end":{"line":17,"column":16}},"15":{"start":{"line":19,"column":0},"end":{"line":19,"column":33}},"16":{"start":{"line":22,"column":0},"end":{"line":27,"column":18}},"17":{"start":{"line":26,"column":16},"end":{"line":26,"column":22}}},"fnMap":{"0":{"name":"(anonymous_0)","decl":{"start":{"line":26,"column":9},"end":{"line":26,"column":10}},"loc":{"start":{"line":26,"column":16},"end":{"line":26,"column":22}}}},"branchMap":{},"s":{"0":0,"1":0,"2":0,"3":0,"4":0,"5":0,"6":0,"7":0,"8":0,"9":0,"10":0,"11":0,"12":0,"13":0,"14":0,"15":0,"16":0,"17":0},"f":{"0":0},"b":{}}
,"/media/deraw/Data/development/customers/CNAMTS/lab/vue-dash/vue-template/src/registerServiceWorker.ts": {"path":"/media/deraw/Data/development/customers/CNAMTS/lab/vue-dash/vue-template/src/registerServiceWorker.ts","statementMap":{"0":{"start":{"line":4,"column":0},"end":{"line":4,"column":50}},"1":{"start":{"line":6,"column":0},"end":{"line":27,"column":1}},"2":{"start":{"line":7,"column":1},"end":{"line":26,"column":4}},"3":{"start":{"line":9,"column":3},"end":{"line":12,"column":5}},"4":{"start":{"line":15,"column":3},"end":{"line":15,"column":59}},"5":{"start":{"line":18,"column":3},"end":{"line":18,"column":60}},"6":{"start":{"line":21,"column":3},"end":{"line":21,"column":80}},"7":{"start":{"line":24,"column":3},"end":{"line":24,"column":69}}},"fnMap":{},"branchMap":{"0":{"loc":{"start":{"line":6,"column":0},"end":{"line":27,"column":1}},"type":"if","locations":[{"start":{"line":6,"column":0},"end":{"line":27,"column":1}},{"start":{"line":6,"column":0},"end":{"line":27,"column":1}}]}},"s":{"0":0,"1":0,"2":0,"3":0,"4":0,"5":0,"6":0,"7":0},"f":{},"b":{"0":[0,0]}}
,"/media/deraw/Data/development/customers/CNAMTS/lab/vue-dash/vue-template/src/components/HelloWorld.vue": {"path":"/media/deraw/Data/development/customers/CNAMTS/lab/vue-dash/vue-template/src/components/HelloWorld.vue","statementMap":{"0":{"start":{"line":83,"column":0},"end":{"line":null,"column":-1}}},"fnMap":{"0":{"name":"data","decl":{"start":{"line":82,"column":0},"end":{"line":null,"column":-1}},"loc":{"start":{"line":82,"column":0},"end":{"line":107,"column":0}}}},"branchMap":{},"s":{"0":1},"f":{"0":1},"b":{}}
,"/media/deraw/Data/development/customers/CNAMTS/lab/vue-dash/vue-template/src/config/index.ts": {"path":"/media/deraw/Data/development/customers/CNAMTS/lab/vue-dash/vue-template/src/config/index.ts","statementMap":{"0":{"start":{"line":1,"column":15},"end":{"line":5,"column":1}},"1":{"start":{"line":7,"column":0},"end":{"line":7,"column":22}}},"fnMap":{},"branchMap":{},"s":{"0":0,"1":0},"f":{},"b":{}}
,"/media/deraw/Data/development/customers/CNAMTS/lab/vue-dash/vue-template/src/plugins/axios.ts": {"path":"/media/deraw/Data/development/customers/CNAMTS/lab/vue-dash/vue-template/src/plugins/axios.ts","statementMap":{"0":{"start":{"line":1,"column":0},"end":{"line":1,"column":25}},"1":{"start":{"line":3,"column":17},"end":{"line":11,"column":2}},"2":{"start":{"line":13,"column":0},"end":{"line":13,"column":24}}},"fnMap":{},"branchMap":{},"s":{"0":0,"1":0,"2":0},"f":{},"b":{}}
,"/media/deraw/Data/development/customers/CNAMTS/lab/vue-dash/vue-template/src/plugins/sentry.ts": {"path":"/media/deraw/Data/development/customers/CNAMTS/lab/vue-dash/vue-template/src/plugins/sentry.ts","statementMap":{"0":{"start":{"line":1,"column":0},"end":{"line":1,"column":21}},"1":{"start":{"line":2,"column":0},"end":{"line":2,"column":28}},"2":{"start":{"line":3,"column":0},"end":{"line":3,"column":43}},"3":{"start":{"line":5,"column":0},"end":{"line":5,"column":29}},"4":{"start":{"line":7,"column":0},"end":{"line":10,"column":12}}},"fnMap":{},"branchMap":{},"s":{"0":0,"1":0,"2":0,"3":0,"4":0},"f":{},"b":{}}
,"/media/deraw/Data/development/customers/CNAMTS/lab/vue-dash/vue-template/src/plugins/vuetify.ts": {"path":"/media/deraw/Data/development/customers/CNAMTS/lab/vue-dash/vue-template/src/plugins/vuetify.ts","statementMap":{"0":{"start":{"line":1,"column":0},"end":{"line":1,"column":21}},"1":{"start":{"line":2,"column":0},"end":{"line":2,"column":29}},"2":{"start":{"line":4,"column":0},"end":{"line":4,"column":17}},"3":{"start":{"line":6,"column":0},"end":{"line":6,"column":38}}},"fnMap":{},"branchMap":{},"s":{"0":0,"1":0,"2":0,"3":0},"f":{},"b":{}}
,"/media/deraw/Data/development/customers/CNAMTS/lab/vue-dash/vue-template/src/store/errors.ts": {"path":"/media/deraw/Data/development/customers/CNAMTS/lab/vue-dash/vue-template/src/store/errors.ts","statementMap":{"0":{"start":{"line":13,"column":26},"end":{"line":15,"column":1}},"1":{"start":{"line":17,"column":51},"end":{"line":24,"column":1}},"2":{"start":{"line":19,"column":2},"end":{"line":19,"column":28}},"3":{"start":{"line":22,"column":2},"end":{"line":22,"column":30}},"4":{"start":{"line":26,"column":44},"end":{"line":46,"column":1}},"5":{"start":{"line":28,"column":24},"end":{"line":28,"column":78}},"6":{"start":{"line":28,"column":56},"end":{"line":28,"column":77}},"7":{"start":{"line":29,"column":2},"end":{"line":29,"column":26}},"8":{"start":{"line":32,"column":2},"end":{"line":37,"column":3}},"9":{"start":{"line":33,"column":17},"end":{"line":33,"column":49}},"10":{"start":{"line":34,"column":3},"end":{"line":34,"column":28}},"11":{"start":{"line":36,"column":3},"end":{"line":36,"column":25}},"12":{"start":{"line":40,"column":16},"end":{"line":40,"column":64}},"13":{"start":{"line":40,"column":48},"end":{"line":40,"column":63}},"14":{"start":{"line":42,"column":2},"end":{"line":44,"column":3}},"15":{"start":{"line":43,"column":3},"end":{"line":43,"column":49}},"16":{"start":{"line":48,"column":51},"end":{"line":55,"column":1}},"17":{"start":{"line":50,"column":2},"end":{"line":50,"column":19}},"18":{"start":{"line":52,"column":23},"end":{"line":54,"column":2}},"19":{"start":{"line":53,"column":2},"end":{"line":53,"column":64}},"20":{"start":{"line":53,"column":41},"end":{"line":53,"column":56}},"21":{"start":{"line":57,"column":46},"end":{"line":62,"column":1}},"22":{"start":{"line":64,"column":0},"end":{"line":64,"column":22}}},"fnMap":{"0":{"name":"(anonymous_0)","decl":{"start":{"line":28,"column":39},"end":{"line":28,"column":40}},"loc":{"start":{"line":28,"column":56},"end":{"line":28,"column":77}}},"1":{"name":"(anonymous_1)","decl":{"start":{"line":40,"column":31},"end":{"line":40,"column":32}},"loc":{"start":{"line":40,"column":48},"end":{"line":40,"column":63}}},"2":{"name":"(anonymous_2)","decl":{"start":{"line":52,"column":12},"end":{"line":52,"column":13}},"loc":{"start":{"line":52,"column":23},"end":{"line":54,"column":2}}},"3":{"name":"(anonymous_3)","decl":{"start":{"line":52,"column":23},"end":{"line":52,"column":24}},"loc":{"start":{"line":52,"column":48},"end":{"line":54,"column":2}}},"4":{"name":"(anonymous_4)","decl":{"start":{"line":53,"column":24},"end":{"line":53,"column":25}},"loc":{"start":{"line":53,"column":41},"end":{"line":53,"column":56}}}},"branchMap":{"0":{"loc":{"start":{"line":32,"column":2},"end":{"line":37,"column":3}},"type":"if","locations":[{"start":{"line":32,"column":2},"end":{"line":37,"column":3}},{"start":{"line":32,"column":2},"end":{"line":37,"column":3}}]},"1":{"loc":{"start":{"line":42,"column":2},"end":{"line":44,"column":3}},"type":"if","locations":[{"start":{"line":42,"column":2},"end":{"line":44,"column":3}},{"start":{"line":42,"column":2},"end":{"line":44,"column":3}}]},"2":{"loc":{"start":{"line":53,"column":9},"end":{"line":53,"column":57}},"type":"binary-expr","locations":[{"start":{"line":53,"column":9},"end":{"line":53,"column":57}},{"start":{"line":53,"column":61},"end":{"line":53,"column":63}}]}},"s":{"0":0,"1":0,"2":0,"3":0,"4":0,"5":0,"6":0,"7":0,"8":0,"9":0,"10":0,"11":0,"12":0,"13":0,"14":0,"15":0,"16":0,"17":0,"18":0,"19":0,"20":0,"21":0,"22":0},"f":{"0":0,"1":0,"2":0,"3":0,"4":0},"b":{"0":[0,0],"1":[0,0],"2":[0,0]}}
,"/media/deraw/Data/development/customers/CNAMTS/lab/vue-dash/vue-template/src/store/index.ts": {"path":"/media/deraw/Data/development/customers/CNAMTS/lab/vue-dash/vue-template/src/store/index.ts","statementMap":{"0":{"start":{"line":1,"column":0},"end":{"line":1,"column":21}},"1":{"start":{"line":2,"column":0},"end":{"line":2,"column":41}},"2":{"start":{"line":3,"column":0},"end":{"line":3,"column":42}},"3":{"start":{"line":5,"column":0},"end":{"line":5,"column":29}},"4":{"start":{"line":8,"column":18},"end":{"line":10,"column":2}},"5":{"start":{"line":12,"column":0},"end":{"line":12,"column":14}},"6":{"start":{"line":15,"column":39},"end":{"line":23,"column":1}},"7":{"start":{"line":25,"column":0},"end":{"line":25,"column":48}}},"fnMap":{},"branchMap":{},"s":{"0":0,"1":0,"2":0,"3":0,"4":0,"5":0,"6":0,"7":0},"f":{},"b":{}}
,"/media/deraw/Data/development/customers/CNAMTS/lab/vue-dash/vue-template/src/translations/en.ts": {"path":"/media/deraw/Data/development/customers/CNAMTS/lab/vue-dash/vue-template/src/translations/en.ts","statementMap":{"0":{"start":{"line":3,"column":11},"end":{"line":3,"column":13}},"1":{"start":{"line":5,"column":0},"end":{"line":5,"column":18}}},"fnMap":{},"branchMap":{},"s":{"0":0,"1":0},"f":{},"b":{}}
,"/media/deraw/Data/development/customers/CNAMTS/lab/vue-dash/vue-template/src/translations/fr.ts": {"path":"/media/deraw/Data/development/customers/CNAMTS/lab/vue-dash/vue-template/src/translations/fr.ts","statementMap":{"0":{"start":{"line":3,"column":11},"end":{"line":3,"column":13}},"1":{"start":{"line":5,"column":0},"end":{"line":5,"column":18}}},"fnMap":{},"branchMap":{},"s":{"0":0,"1":0},"f":{},"b":{}}
,"/media/deraw/Data/development/customers/CNAMTS/lab/vue-dash/vue-template/src/views/Home.vue": {"path":"/media/deraw/Data/development/customers/CNAMTS/lab/vue-dash/vue-template/src/views/Home.vue","statementMap":{"0":{"start":{"line":21,"column":0},"end":{"line":null,"column":-1}}},"fnMap":{},"branchMap":{},"s":{"0":0},"f":{},"b":{}}
}
