TN:
SF:/media/deraw/Data/development/customers/CNAMTS/lab/vue-dash/vue-template/src/i18n.ts
FN:20,setI18nLanguage
FN:31,loadLanguageAsync
FN:33,(anonymous_2)
FN:33,(anonymous_3)
FNF:4
FNH:0
FNDA:0,setI18nLanguage
FNDA:0,loadLanguageAsync
FNDA:0,(anonymous_2)
FNDA:0,(anonymous_3)
DA:1,0
DA:2,0
DA:3,0
DA:5,0
DA:8,0
DA:10,0
DA:16,0
DA:21,0
DA:22,0
DA:23,0
DA:25,0
DA:26,0
DA:27,0
DA:31,0
DA:32,0
DA:33,0
DA:34,0
DA:35,0
DA:36,0
DA:40,0
DA:44,0
DA:46,0
LF:22
LH:0
BRDA:8,0,0,0
BRDA:8,0,1,0
BRDA:8,0,2,0
BRDA:32,1,0,0
BRDA:32,1,1,0
BRF:5
BRH:0
end_of_record
TN:
SF:/media/deraw/Data/development/customers/CNAMTS/lab/vue-dash/vue-template/src/main.ts
FN:26,(anonymous_0)
FNF:1
FNH:0
FNDA:0,(anonymous_0)
DA:1,0
DA:2,0
DA:3,0
DA:4,0
DA:5,0
DA:6,0
DA:7,0
DA:8,0
DA:9,0
DA:10,0
DA:11,0
DA:12,0
DA:14,0
DA:16,0
DA:17,0
DA:19,0
DA:22,0
DA:26,0
LF:18
LH:0
BRF:0
BRH:0
end_of_record
TN:
SF:/media/deraw/Data/development/customers/CNAMTS/lab/vue-dash/vue-template/src/registerServiceWorker.ts
FNF:0
FNH:0
DA:4,0
DA:6,0
DA:7,0
DA:9,0
DA:15,0
DA:18,0
DA:21,0
DA:24,0
LF:8
LH:0
BRDA:6,0,0,0
BRDA:6,0,1,0
BRF:2
BRH:0
end_of_record
TN:
SF:/media/deraw/Data/development/customers/CNAMTS/lab/vue-dash/vue-template/src/components/HelloWorld.vue
FN:82,data
FNF:1
FNH:1
FNDA:1,data
DA:83,1
LF:1
LH:1
BRF:0
BRH:0
end_of_record
TN:
SF:/media/deraw/Data/development/customers/CNAMTS/lab/vue-dash/vue-template/src/config/index.ts
FNF:0
FNH:0
DA:1,0
DA:7,0
LF:2
LH:0
BRF:0
BRH:0
end_of_record
TN:
SF:/media/deraw/Data/development/customers/CNAMTS/lab/vue-dash/vue-template/src/plugins/axios.ts
FNF:0
FNH:0
DA:1,0
DA:3,0
DA:13,0
LF:3
LH:0
BRF:0
BRH:0
end_of_record
TN:
SF:/media/deraw/Data/development/customers/CNAMTS/lab/vue-dash/vue-template/src/plugins/sentry.ts
FNF:0
FNH:0
DA:1,0
DA:2,0
DA:3,0
DA:5,0
DA:7,0
LF:5
LH:0
BRF:0
BRH:0
end_of_record
TN:
SF:/media/deraw/Data/development/customers/CNAMTS/lab/vue-dash/vue-template/src/plugins/vuetify.ts
FNF:0
FNH:0
DA:1,0
DA:2,0
DA:4,0
DA:6,0
LF:4
LH:0
BRF:0
BRH:0
end_of_record
TN:
SF:/media/deraw/Data/development/customers/CNAMTS/lab/vue-dash/vue-template/src/store/errors.ts
FN:28,(anonymous_0)
FN:40,(anonymous_1)
FN:52,(anonymous_2)
FN:52,(anonymous_3)
FN:53,(anonymous_4)
FNF:5
FNH:0
FNDA:0,(anonymous_0)
FNDA:0,(anonymous_1)
FNDA:0,(anonymous_2)
FNDA:0,(anonymous_3)
FNDA:0,(anonymous_4)
DA:13,0
DA:17,0
DA:19,0
DA:22,0
DA:26,0
DA:28,0
DA:29,0
DA:32,0
DA:33,0
DA:34,0
DA:36,0
DA:40,0
DA:42,0
DA:43,0
DA:48,0
DA:50,0
DA:52,0
DA:53,0
DA:57,0
DA:64,0
LF:20
LH:0
BRDA:32,0,0,0
BRDA:32,0,1,0
BRDA:42,1,0,0
BRDA:42,1,1,0
BRDA:53,2,0,0
BRDA:53,2,1,0
BRF:6
BRH:0
end_of_record
TN:
SF:/media/deraw/Data/development/customers/CNAMTS/lab/vue-dash/vue-template/src/store/index.ts
FNF:0
FNH:0
DA:1,0
DA:2,0
DA:3,0
DA:5,0
DA:8,0
DA:12,0
DA:15,0
DA:25,0
LF:8
LH:0
BRF:0
BRH:0
end_of_record
TN:
SF:/media/deraw/Data/development/customers/CNAMTS/lab/vue-dash/vue-template/src/translations/en.ts
FNF:0
FNH:0
DA:3,0
DA:5,0
LF:2
LH:0
BRF:0
BRH:0
end_of_record
TN:
SF:/media/deraw/Data/development/customers/CNAMTS/lab/vue-dash/vue-template/src/translations/fr.ts
FNF:0
FNH:0
DA:3,0
DA:5,0
LF:2
LH:0
BRF:0
BRH:0
end_of_record
TN:
SF:/media/deraw/Data/development/customers/CNAMTS/lab/vue-dash/vue-template/src/views/Home.vue
FNF:0
FNH:0
DA:21,0
LF:1
LH:0
BRF:0
BRH:0
end_of_record
